[2019-09-07 05:24:11] dev.ERROR: PDOException: SQLSTATE[42S22]: Column not found: 1054 Unknown column 'title' in 'order clause' in /opt/lampp/htdocs/FLOPPIESS/floppiess/vendor/doctrine/dbal/lib/Doctrine/DBAL/Driver/PDOConnection.php:77
Stack trace:
#0 /opt/lampp/htdocs/FLOPPIESS/floppiess/vendor/doctrine/dbal/lib/Doctrine/DBAL/Driver/PDOConnection.php(77): PDO->prepare('select `samuele...', Array)
#1 /opt/lampp/htdocs/FLOPPIESS/floppiess/vendor/laravel/framework/src/Illuminate/Database/Connection.php(326): Doctrine\DBAL\Driver\PDOConnection->prepare('select `samuele...')
#2 /opt/lampp/htdocs/FLOPPIESS/floppiess/vendor/laravel/framework/src/Illuminate/Database/Connection.php(657): Illuminate\Database\Connection->Illuminate\Database\{closure}('select `samuele...', Array)
#3 /opt/lampp/htdocs/FLOPPIESS/floppiess/vendor/laravel/framework/src/Illuminate/Database/Connection.php(624): Illuminate\Database\Connection->runQueryCallback('select `samuele...', Array, Object(Closure))
#4 /opt/lampp/htdocs/FLOPPIESS/floppiess/vendor/laravel/framework/src/Illuminate/Database/Connection.php(333): Illuminate\Database\Connection->run('select `samuele...', Array, Object(Closure))
#5 /opt/lampp/htdocs/FLOPPIESS/floppiess/vendor/laravel/framework/src/Illuminate/Database/Query/Builder.php(1719): Illuminate\Database\Connection->select('select `samuele...', Array, true)
#6 /opt/lampp/htdocs/FLOPPIESS/floppiess/vendor/laravel/framework/src/Illuminate/Database/Query/Builder.php(1704): Illuminate\Database\Query\Builder->runSelect()
#7 /opt/lampp/htdocs/FLOPPIESS/floppiess/vendor/october/rain/src/Database/QueryBuilder.php(122): Illuminate\Database\Query\Builder->get(Array)
#8 /opt/lampp/htdocs/FLOPPIESS/floppiess/vendor/october/rain/src/Database/QueryBuilder.php(92): October\Rain\Database\QueryBuilder->getDuplicateCached(Array)
#9 /opt/lampp/htdocs/FLOPPIESS/floppiess/vendor/laravel/framework/src/Illuminate/Database/Eloquent/Builder.php(481): October\Rain\Database\QueryBuilder->get(Array)
#10 /opt/lampp/htdocs/FLOPPIESS/floppiess/vendor/laravel/framework/src/Illuminate/Database/Eloquent/Builder.php(465): Illuminate\Database\Eloquent\Builder->getModels(Array)
#11 /opt/lampp/htdocs/FLOPPIESS/floppiess/vendor/october/rain/src/Database/Builder.php(129): Illuminate\Database\Eloquent\Builder->get(Array)
#12 /opt/lampp/htdocs/FLOPPIESS/floppiess/modules/backend/widgets/Lists.php(599): October\Rain\Database\Builder->paginate(20, 1)
#13 /opt/lampp/htdocs/FLOPPIESS/floppiess/modules/backend/widgets/Lists.php(251): Backend\Widgets\Lists->getRecords()
#14 /opt/lampp/htdocs/FLOPPIESS/floppiess/modules/backend/widgets/Lists.php(239): Backend\Widgets\Lists->prepareVars()
#15 /opt/lampp/htdocs/FLOPPIESS/floppiess/modules/backend/behaviors/listcontroller/partials/_container.htm(9): Backend\Widgets\Lists->render()
#16 /opt/lampp/htdocs/FLOPPIESS/floppiess/modules/system/traits/ViewMaker.php(247): include('/opt/lampp/htdo...')
#17 /opt/lampp/htdocs/FLOPPIESS/floppiess/modules/backend/classes/ControllerBehavior.php(153): Backend\Classes\Controller->makeFileContents('/opt/lampp/htdo...', Array)
#18 /opt/lampp/htdocs/FLOPPIESS/floppiess/modules/system/traits/ViewMaker.php(97): Backend\Classes\ControllerBehavior->makeFileContents('/opt/lampp/htdo...', Array)
#19 /opt/lampp/htdocs/FLOPPIESS/floppiess/modules/backend/behaviors/ListController.php(398): Backend\Classes\ControllerBehavior->makePartial('_container.htm', Array)
#20 /opt/lampp/htdocs/FLOPPIESS/floppiess/modules/backend/behaviors/ListController.php(385): Backend\Behaviors\ListController->listMakePartial('container', Array)
#21 [internal function]: Backend\Behaviors\ListController->listRender()
#22 /opt/lampp/htdocs/FLOPPIESS/floppiess/vendor/october/rain/src/Extension/ExtendableTrait.php(409): call_user_func_array(Array, Array)
#23 /opt/lampp/htdocs/FLOPPIESS/floppiess/modules/backend/classes/Controller.php(192): Backend\Classes\Controller->extendableCall('listRender', Array)
#24 /opt/lampp/htdocs/FLOPPIESS/floppiess/plugins/samuelerhini/floppiess/controllers/floppiess/index.htm(1): Backend\Classes\Controller->__call('listRender', Array)
#25 /opt/lampp/htdocs/FLOPPIESS/floppiess/modules/system/traits/ViewMaker.php(247): include('/opt/lampp/htdo...')
#26 /opt/lampp/htdocs/FLOPPIESS/floppiess/modules/system/traits/ViewMaker.php(109): Backend\Classes\Controller->makeFileContents('/opt/lampp/htdo...')
#27 /opt/lampp/htdocs/FLOPPIESS/floppiess/modules/backend/classes/Controller.php(411): Backend\Classes\Controller->makeView('index')
#28 /opt/lampp/htdocs/FLOPPIESS/floppiess/modules/backend/classes/Controller.php(285): Backend\Classes\Controller->execPageAction('index', Array)
#29 /opt/lampp/htdocs/FLOPPIESS/floppiess/modules/backend/classes/BackendController.php(161): Backend\Classes\Controller->run('index', Array)
#30 [internal function]: Backend\Classes\BackendController->run('samuelerhini/fl...')
#31 /opt/lampp/htdocs/FLOPPIESS/floppiess/vendor/laravel/framework/src/Illuminate/Routing/Controller.php(54): call_user_func_array(Array, Array)
#32 /opt/lampp/htdocs/FLOPPIESS/floppiess/vendor/laravel/framework/src/Illuminate/Routing/ControllerDispatcher.php(45): Illuminate\Routing\Controller->callAction('run', Array)
#33 /opt/lampp/htdocs/FLOPPIESS/floppiess/vendor/laravel/framework/src/Illuminate/Routing/Route.php(212): Illuminate\Routing\ControllerDispatcher->dispatch(Object(Illuminate\Routing\Route), Object(Backend\Classes\BackendController), 'run')
#34 /opt/lampp/htdocs/FLOPPIESS/floppiess/vendor/laravel/framework/src/Illuminate/Routing/Route.php(169): Illuminate\Routing\Route->runController()
#35 /opt/lampp/htdocs/FLOPPIESS/floppiess/vendor/laravel/framework/src/Illuminate/Routing/Router.php(658): Illuminate\Routing\Route->run()
#36 /opt/lampp/htdocs/FLOPPIESS/floppiess/vendor/laravel/framework/src/Illuminate/Routing/Pipeline.php(30): Illuminate\Routing\Router->Illuminate\Routing\{closure}(Object(Illuminate\Http\Request))
#37 /opt/lampp/htdocs/FLOPPIESS/floppiess/modules/backend/classes/BackendController.php(68): Illuminate\Routing\Pipeline->Illuminate\Routing\{closure}(Object(Illuminate\Http\Request))
#38 /opt/lampp/htdocs/FLOPPIESS/floppiess/vendor/laravel/framework/src/Illuminate/Pipeline/Pipeline.php(131): Backend\Classes\BackendController->Backend\Classes\{closure}(Object(Illuminate\Http\Request), Object(Closure))
#39 /opt/lampp/htdocs/FLOPPIESS/floppiess/vendor/laravel/framework/src/Illuminate/Routing/Pipeline.php(53): Illuminate\Pipeline\Pipeline->Illuminate\Pipeline\{closure}(Object(Illuminate\Http\Request))
#40 /opt/lampp/htdocs/FLOPPIESS/floppiess/vendor/laravel/framework/src/Illuminate/Routing/Middleware/SubstituteBindings.php(41): Illuminate\Routing\Pipeline->Illuminate\Routing\{closure}(Object(Illuminate\Http\Request))
#41 /opt/lampp/htdocs/FLOPPIESS/floppiess/vendor/laravel/framework/src/Illuminate/Pipeline/Pipeline.php(149): Illuminate\Routing\Middleware\SubstituteBindings->handle(Object(Illuminate\Http\Request), Object(Closure))
#42 /opt/lampp/htdocs/FLOPPIESS/floppiess/vendor/laravel/framework/src/Illuminate/Routing/Pipeline.php(53): Illuminate\Pipeline\Pipeline->Illuminate\Pipeline\{closure}(Object(Illuminate\Http\Request))
#43 /opt/lampp/htdocs/FLOPPIESS/floppiess/vendor/laravel/framework/src/Illuminate/View/Middleware/ShareErrorsFromSession.php(49): Illuminate\Routing\Pipeline->Illuminate\Routing\{closure}(Object(Illuminate\Http\Request))
#44 /opt/lampp/htdocs/FLOPPIESS/floppiess/vendor/laravel/framework/src/Illuminate/Pipeline/Pipeline.php(149): Illuminate\View\Middleware\ShareErrorsFromSession->handle(Object(Illuminate\Http\Request), Object(Closure))
#45 /opt/lampp/htdocs/FLOPPIESS/floppiess/vendor/laravel/framework/src/Illuminate/Routing/Pipeline.php(53): Illuminate\Pipeline\Pipeline->Illuminate\Pipeline\{closure}(Object(Illuminate\Http\Request))
#46 /opt/lampp/htdocs/FLOPPIESS/floppiess/vendor/laravel/framework/src/Illuminate/Session/Middleware/StartSession.php(63): Illuminate\Routing\Pipeline->Illuminate\Routing\{closure}(Object(Illuminate\Http\Request))
#47 /opt/lampp/htdocs/FLOPPIESS/floppiess/vendor/laravel/framework/src/Illuminate/Pipeline/Pipeline.php(149): Illuminate\Session\Middleware\StartSession->handle(Object(Illuminate\Http\Request), Object(Closure))
#48 /opt/lampp/htdocs/FLOPPIESS/floppiess/vendor/laravel/framework/src/Illuminate/Routing/Pipeline.php(53): Illuminate\Pipeline\Pipeline->Illuminate\Pipeline\{closure}(Object(Illuminate\Http\Request))
#49 /opt/lampp/htdocs/FLOPPIESS/floppiess/vendor/laravel/framework/src/Illuminate/Cookie/Middleware/AddQueuedCookiesToResponse.php(37): Illuminate\Routing\Pipeline->Illuminate\Routing\{closure}(Object(Illuminate\Http\Request))
#50 /opt/lampp/htdocs/FLOPPIESS/floppiess/vendor/laravel/framework/src/Illuminate/Pipeline/Pipeline.php(149): Illuminate\Cookie\Middleware\AddQueuedCookiesToResponse->handle(Object(Illuminate\Http\Request), Object(Closure))
#51 /opt/lampp/htdocs/FLOPPIESS/floppiess/vendor/laravel/framework/src/Illuminate/Routing/Pipeline.php(53): Illuminate\Pipeline\Pipeline->Illuminate\Pipeline\{closure}(Object(Illuminate\Http\Request))
#52 /opt/lampp/htdocs/FLOPPIESS/floppiess/vendor/laravel/framework/src/Illuminate/Cookie/Middleware/EncryptCookies.php(66): Illuminate\Routing\Pipeline->Illuminate\Routing\{closure}(Object(Illuminate\Http\Request))
#53 /opt/lampp/htdocs/FLOPPIESS/floppiess/vendor/laravel/framework/src/Illuminate/Pipeline/Pipeline.php(149): Illuminate\Cookie\Middleware\EncryptCookies->handle(Object(Illuminate\Http\Request), Object(Closure))
#54 /opt/lampp/htdocs/FLOPPIESS/floppiess/vendor/laravel/framework/src/Illuminate/Routing/Pipeline.php(53): Illuminate\Pipeline\Pipeline->Illuminate\Pipeline\{closure}(Object(Illuminate\Http\Request))
#55 /opt/lampp/htdocs/FLOPPIESS/floppiess/vendor/laravel/framework/src/Illuminate/Pipeline/Pipeline.php(102): Illuminate\Routing\Pipeline->Illuminate\Routing\{closure}(Object(Illuminate\Http\Request))
#56 /opt/lampp/htdocs/FLOPPIESS/floppiess/vendor/laravel/framework/src/Illuminate/Routing/Router.php(660): Illuminate\Pipeline\Pipeline->then(Object(Closure))
#57 /opt/lampp/htdocs/FLOPPIESS/floppiess/vendor/laravel/framework/src/Illuminate/Routing/Router.php(635): Illuminate\Routing\Router->runRouteWithinStack(Object(Illuminate\Routing\Route), Object(Illuminate\Http\Request))
#58 /opt/lampp/htdocs/FLOPPIESS/floppiess/vendor/laravel/framework/src/Illuminate/Routing/Router.php(601): Illuminate\Routing\Router->runRoute(Object(Illuminate\Http\Request), Object(Illuminate\Routing\Route))
#59 /opt/lampp/htdocs/FLOPPIESS/floppiess/vendor/october/rain/src/Router/CoreRouter.php(20): Illuminate\Routing\Router->dispatchToRoute(Object(Illuminate\Http\Request))
#60 /opt/lampp/htdocs/FLOPPIESS/floppiess/vendor/laravel/framework/src/Illuminate/Foundation/Http/Kernel.php(176): October\Rain\Router\CoreRouter->dispatch(Object(Illuminate\Http\Request))
#61 /opt/lampp/htdocs/FLOPPIESS/floppiess/vendor/laravel/framework/src/Illuminate/Routing/Pipeline.php(30): Illuminate\Foundation\Http\Kernel->Illuminate\Foundation\Http\{closure}(Object(Illuminate\Http\Request))
#62 /opt/lampp/htdocs/FLOPPIESS/floppiess/vendor/laravel/framework/src/Illuminate/Foundation/Http/Middleware/CheckForMaintenanceMode.php(46): Illuminate\Routing\Pipeline->Illuminate\Routing\{closure}(Object(Illuminate\Http\Request))
#63 /opt/lampp/htdocs/FLOPPIESS/floppiess/vendor/october/rain/src/Foundation/Http/Middleware/CheckForMaintenanceMode.php(24): Illuminate\Foundation\Http\Middleware\CheckForMaintenanceMode->handle(Object(Illuminate\Http\Request), Object(Closure))
#64 /opt/lampp/htdocs/FLOPPIESS/floppiess/vendor/laravel/framework/src/Illuminate/Pipeline/Pipeline.php(149): October\Rain\Foundation\Http\Middleware\CheckForMaintenanceMode->handle(Object(Illuminate\Http\Request), Object(Closure))
#65 /opt/lampp/htdocs/FLOPPIESS/floppiess/vendor/laravel/framework/src/Illuminate/Routing/Pipeline.php(53): Illuminate\Pipeline\Pipeline->Illuminate\Pipeline\{closure}(Object(Illuminate\Http\Request))
#66 /opt/lampp/htdocs/FLOPPIESS/floppiess/vendor/laravel/framework/src/Illuminate/Pipeline/Pipeline.php(102): Illuminate\Routing\Pipeline->Illuminate\Routing\{closure}(Object(Illuminate\Http\Request))
#67 /opt/lampp/htdocs/FLOPPIESS/floppiess/vendor/laravel/framework/src/Illuminate/Foundation/Http/Kernel.php(151): Illuminate\Pipeline\Pipeline->then(Object(Closure))
#68 /opt/lampp/htdocs/FLOPPIESS/floppiess/vendor/laravel/framework/src/Illuminate/Foundation/Http/Kernel.php(116): Illuminate\Foundation\Http\Kernel->sendRequestThroughRouter(Object(Illuminate\Http\Request))
#69 /opt/lampp/htdocs/FLOPPIESS/floppiess/index.php(43): Illuminate\Foundation\Http\Kernel->handle(Object(Illuminate\Http\Request))
#70 {main}

Next Doctrine\DBAL\Driver\PDOException: SQLSTATE[42S22]: Column not found: 1054 Unknown column 'title' in 'order clause' in /opt/lampp/htdocs/FLOPPIESS/floppiess/vendor/doctrine/dbal/lib/Doctrine/DBAL/Driver/PDOConnection.php:79
Stack trace:
#0 /opt/lampp/htdocs/FLOPPIESS/floppiess/vendor/laravel/framework/src/Illuminate/Database/Connection.php(326): Doctrine\DBAL\Driver\PDOConnection->prepare('select `samuele...')
#1 /opt/lampp/htdocs/FLOPPIESS/floppiess/vendor/laravel/framework/src/Illuminate/Database/Connection.php(657): Illuminate\Database\Connection->Illuminate\Database\{closure}('select `samuele...', Array)
#2 /opt/lampp/htdocs/FLOPPIESS/floppiess/vendor/laravel/framework/src/Illuminate/Database/Connection.php(624): Illuminate\Database\Connection->runQueryCallback('select `samuele...', Array, Object(Closure))
#3 /opt/lampp/htdocs/FLOPPIESS/floppiess/vendor/laravel/framework/src/Illuminate/Database/Connection.php(333): Illuminate\Database\Connection->run('select `samuele...', Array, Object(Closure))
#4 /opt/lampp/htdocs/FLOPPIESS/floppiess/vendor/laravel/framework/src/Illuminate/Database/Query/Builder.php(1719): Illuminate\Database\Connection->select('select `samuele...', Array, true)
#5 /opt/lampp/htdocs/FLOPPIESS/floppiess/vendor/laravel/framework/src/Illuminate/Database/Query/Builder.php(1704): Illuminate\Database\Query\Builder->runSelect()
#6 /opt/lampp/htdocs/FLOPPIESS/floppiess/vendor/october/rain/src/Database/QueryBuilder.php(122): Illuminate\Database\Query\Builder->get(Array)
#7 /opt/lampp/htdocs/FLOPPIESS/floppiess/vendor/october/rain/src/Database/QueryBuilder.php(92): October\Rain\Database\QueryBuilder->getDuplicateCached(Array)
#8 /opt/lampp/htdocs/FLOPPIESS/floppiess/vendor/laravel/framework/src/Illuminate/Database/Eloquent/Builder.php(481): October\Rain\Database\QueryBuilder->get(Array)
#9 /opt/lampp/htdocs/FLOPPIESS/floppiess/vendor/laravel/framework/src/Illuminate/Database/Eloquent/Builder.php(465): Illuminate\Database\Eloquent\Builder->getModels(Array)
#10 /opt/lampp/htdocs/FLOPPIESS/floppiess/vendor/october/rain/src/Database/Builder.php(129): Illuminate\Database\Eloquent\Builder->get(Array)
#11 /opt/lampp/htdocs/FLOPPIESS/floppiess/modules/backend/widgets/Lists.php(599): October\Rain\Database\Builder->paginate(20, 1)
#12 /opt/lampp/htdocs/FLOPPIESS/floppiess/modules/backend/widgets/Lists.php(251): Backend\Widgets\Lists->getRecords()
#13 /opt/lampp/htdocs/FLOPPIESS/floppiess/modules/backend/widgets/Lists.php(239): Backend\Widgets\Lists->prepareVars()
#14 /opt/lampp/htdocs/FLOPPIESS/floppiess/modules/backend/behaviors/listcontroller/partials/_container.htm(9): Backend\Widgets\Lists->render()
#15 /opt/lampp/htdocs/FLOPPIESS/floppiess/modules/system/traits/ViewMaker.php(247): include('/opt/lampp/htdo...')
#16 /opt/lampp/htdocs/FLOPPIESS/floppiess/modules/backend/classes/ControllerBehavior.php(153): Backend\Classes\Controller->makeFileContents('/opt/lampp/htdo...', Array)
#17 /opt/lampp/htdocs/FLOPPIESS/floppiess/modules/system/traits/ViewMaker.php(97): Backend\Classes\ControllerBehavior->makeFileContents('/opt/lampp/htdo...', Array)
#18 /opt/lampp/htdocs/FLOPPIESS/floppiess/modules/backend/behaviors/ListController.php(398): Backend\Classes\ControllerBehavior->makePartial('_container.htm', Array)
#19 /opt/lampp/htdocs/FLOPPIESS/floppiess/modules/backend/behaviors/ListController.php(385): Backend\Behaviors\ListController->listMakePartial('container', Array)
#20 [internal function]: Backend\Behaviors\ListController->listRender()
#21 /opt/lampp/htdocs/FLOPPIESS/floppiess/vendor/october/rain/src/Extension/ExtendableTrait.php(409): call_user_func_array(Array, Array)
#22 /opt/lampp/htdocs/FLOPPIESS/floppiess/modules/backend/classes/Controller.php(192): Backend\Classes\Controller->extendableCall('listRender', Array)
#23 /opt/lampp/htdocs/FLOPPIESS/floppiess/plugins/samuelerhini/floppiess/controllers/floppiess/index.htm(1): Backend\Classes\Controller->__call('listRender', Array)
#24 /opt/lampp/htdocs/FLOPPIESS/floppiess/modules/system/traits/ViewMaker.php(247): include('/opt/lampp/htdo...')
#25 /opt/lampp/htdocs/FLOPPIESS/floppiess/modules/system/traits/ViewMaker.php(109): Backend\Classes\Controller->makeFileContents('/opt/lampp/htdo...')
#26 /opt/lampp/htdocs/FLOPPIESS/floppiess/modules/backend/classes/Controller.php(411): Backend\Classes\Controller->makeView('index')
#27 /opt/lampp/htdocs/FLOPPIESS/floppiess/modules/backend/classes/Controller.php(285): Backend\Classes\Controller->execPageAction('index', Array)
#28 /opt/lampp/htdocs/FLOPPIESS/floppiess/modules/backend/classes/BackendController.php(161): Backend\Classes\Controller->run('index', Array)
#29 [internal function]: Backend\Classes\BackendController->run('samuelerhini/fl...')
#30 /opt/lampp/htdocs/FLOPPIESS/floppiess/vendor/laravel/framework/src/Illuminate/Routing/Controller.php(54): call_user_func_array(Array, Array)
#31 /opt/lampp/htdocs/FLOPPIESS/floppiess/vendor/laravel/framework/src/Illuminate/Routing/ControllerDispatcher.php(45): Illuminate\Routing\Controller->callAction('run', Array)
#32 /opt/lampp/htdocs/FLOPPIESS/floppiess/vendor/laravel/framework/src/Illuminate/Routing/Route.php(212): Illuminate\Routing\ControllerDispatcher->dispatch(Object(Illuminate\Routing\Route), Object(Backend\Classes\BackendController), 'run')
#33 /opt/lampp/htdocs/FLOPPIESS/floppiess/vendor/laravel/framework/src/Illuminate/Routing/Route.php(169): Illuminate\Routing\Route->runController()
#34 /opt/lampp/htdocs/FLOPPIESS/floppiess/vendor/laravel/framework/src/Illuminate/Routing/Router.php(658): Illuminate\Routing\Route->run()
#35 /opt/lampp/htdocs/FLOPPIESS/floppiess/vendor/laravel/framework/src/Illuminate/Routing/Pipeline.php(30): Illuminate\Routing\Router->Illuminate\Routing\{closure}(Object(Illuminate\Http\Request))
#36 /opt/lampp/htdocs/FLOPPIESS/floppiess/modules/backend/classes/BackendController.php(68): Illuminate\Routing\Pipeline->Illuminate\Routing\{closure}(Object(Illuminate\Http\Request))
#37 /opt/lampp/htdocs/FLOPPIESS/floppiess/vendor/laravel/framework/src/Illuminate/Pipeline/Pipeline.php(131): Backend\Classes\BackendController->Backend\Classes\{closure}(Object(Illuminate\Http\Request), Object(Closure))
#38 /opt/lampp/htdocs/FLOPPIESS/floppiess/vendor/laravel/framework/src/Illuminate/Routing/Pipeline.php(53): Illuminate\Pipeline\Pipeline->Illuminate\Pipeline\{closure}(Object(Illuminate\Http\Request))
#39 /opt/lampp/htdocs/FLOPPIESS/floppiess/vendor/laravel/framework/src/Illuminate/Routing/Middleware/SubstituteBindings.php(41): Illuminate\Routing\Pipeline->Illuminate\Routing\{closure}(Object(Illuminate\Http\Request))
#40 /opt/lampp/htdocs/FLOPPIESS/floppiess/vendor/laravel/framework/src/Illuminate/Pipeline/Pipeline.php(149): Illuminate\Routing\Middleware\SubstituteBindings->handle(Object(Illuminate\Http\Request), Object(Closure))
#41 /opt/lampp/htdocs/FLOPPIESS/floppiess/vendor/laravel/framework/src/Illuminate/Routing/Pipeline.php(53): Illuminate\Pipeline\Pipeline->Illuminate\Pipeline\{closure}(Object(Illuminate\Http\Request))
#42 /opt/lampp/htdocs/FLOPPIESS/floppiess/vendor/laravel/framework/src/Illuminate/View/Middleware/ShareErrorsFromSession.php(49): Illuminate\Routing\Pipeline->Illuminate\Routing\{closure}(Object(Illuminate\Http\Request))
#43 /opt/lampp/htdocs/FLOPPIESS/floppiess/vendor/laravel/framework/src/Illuminate/Pipeline/Pipeline.php(149): Illuminate\View\Middleware\ShareErrorsFromSession->handle(Object(Illuminate\Http\Request), Object(Closure))
#44 /opt/lampp/htdocs/FLOPPIESS/floppiess/vendor/laravel/framework/src/Illuminate/Routing/Pipeline.php(53): Illuminate\Pipeline\Pipeline->Illuminate\Pipeline\{closure}(Object(Illuminate\Http\Request))
#45 /opt/lampp/htdocs/FLOPPIESS/floppiess/vendor/laravel/framework/src/Illuminate/Session/Middleware/StartSession.php(63): Illuminate\Routing\Pipeline->Illuminate\Routing\{closure}(Object(Illuminate\Http\Request))
#46 /opt/lampp/htdocs/FLOPPIESS/floppiess/vendor/laravel/framework/src/Illuminate/Pipeline/Pipeline.php(149): Illuminate\Session\Middleware\StartSession->handle(Object(Illuminate\Http\Request), Object(Closure))
#47 /opt/lampp/htdocs/FLOPPIESS/floppiess/vendor/laravel/framework/src/Illuminate/Routing/Pipeline.php(53): Illuminate\Pipeline\Pipeline->Illuminate\Pipeline\{closure}(Object(Illuminate\Http\Request))
#48 /opt/lampp/htdocs/FLOPPIESS/floppiess/vendor/laravel/framework/src/Illuminate/Cookie/Middleware/AddQueuedCookiesToResponse.php(37): Illuminate\Routing\Pipeline->Illuminate\Routing\{closure}(Object(Illuminate\Http\Request))
#49 /opt/lampp/htdocs/FLOPPIESS/floppiess/vendor/laravel/framework/src/Illuminate/Pipeline/Pipeline.php(149): Illuminate\Cookie\Middleware\AddQueuedCookiesToResponse->handle(Object(Illuminate\Http\Request), Object(Closure))
#50 /opt/lampp/htdocs/FLOPPIESS/floppiess/vendor/laravel/framework/src/Illuminate/Routing/Pipeline.php(53): Illuminate\Pipeline\Pipeline->Illuminate\Pipeline\{closure}(Object(Illuminate\Http\Request))
#51 /opt/lampp/htdocs/FLOPPIESS/floppiess/vendor/laravel/framework/src/Illuminate/Cookie/Middleware/EncryptCookies.php(66): Illuminate\Routing\Pipeline->Illuminate\Routing\{closure}(Object(Illuminate\Http\Request))
#52 /opt/lampp/htdocs/FLOPPIESS/floppiess/vendor/laravel/framework/src/Illuminate/Pipeline/Pipeline.php(149): Illuminate\Cookie\Middleware\EncryptCookies->handle(Object(Illuminate\Http\Request), Object(Closure))
#53 /opt/lampp/htdocs/FLOPPIESS/floppiess/vendor/laravel/framework/src/Illuminate/Routing/Pipeline.php(53): Illuminate\Pipeline\Pipeline->Illuminate\Pipeline\{closure}(Object(Illuminate\Http\Request))
#54 /opt/lampp/htdocs/FLOPPIESS/floppiess/vendor/laravel/framework/src/Illuminate/Pipeline/Pipeline.php(102): Illuminate\Routing\Pipeline->Illuminate\Routing\{closure}(Object(Illuminate\Http\Request))
#55 /opt/lampp/htdocs/FLOPPIESS/floppiess/vendor/laravel/framework/src/Illuminate/Routing/Router.php(660): Illuminate\Pipeline\Pipeline->then(Object(Closure))
#56 /opt/lampp/htdocs/FLOPPIESS/floppiess/vendor/laravel/framework/src/Illuminate/Routing/Router.php(635): Illuminate\Routing\Router->runRouteWithinStack(Object(Illuminate\Routing\Route), Object(Illuminate\Http\Request))
#57 /opt/lampp/htdocs/FLOPPIESS/floppiess/vendor/laravel/framework/src/Illuminate/Routing/Router.php(601): Illuminate\Routing\Router->runRoute(Object(Illuminate\Http\Request), Object(Illuminate\Routing\Route))
#58 /opt/lampp/htdocs/FLOPPIESS/floppiess/vendor/october/rain/src/Router/CoreRouter.php(20): Illuminate\Routing\Router->dispatchToRoute(Object(Illuminate\Http\Request))
#59 /opt/lampp/htdocs/FLOPPIESS/floppiess/vendor/laravel/framework/src/Illuminate/Foundation/Http/Kernel.php(176): October\Rain\Router\CoreRouter->dispatch(Object(Illuminate\Http\Request))
#60 /opt/lampp/htdocs/FLOPPIESS/floppiess/vendor/laravel/framework/src/Illuminate/Routing/Pipeline.php(30): Illuminate\Foundation\Http\Kernel->Illuminate\Foundation\Http\{closure}(Object(Illuminate\Http\Request))
#61 /opt/lampp/htdocs/FLOPPIESS/floppiess/vendor/laravel/framework/src/Illuminate/Foundation/Http/Middleware/CheckForMaintenanceMode.php(46): Illuminate\Routing\Pipeline->Illuminate\Routing\{closure}(Object(Illuminate\Http\Request))
#62 /opt/lampp/htdocs/FLOPPIESS/floppiess/vendor/october/rain/src/Foundation/Http/Middleware/CheckForMaintenanceMode.php(24): Illuminate\Foundation\Http\Middleware\CheckForMaintenanceMode->handle(Object(Illuminate\Http\Request), Object(Closure))
#63 /opt/lampp/htdocs/FLOPPIESS/floppiess/vendor/laravel/framework/src/Illuminate/Pipeline/Pipeline.php(149): October\Rain\Foundation\Http\Middleware\CheckForMaintenanceMode->handle(Object(Illuminate\Http\Request), Object(Closure))
#64 /opt/lampp/htdocs/FLOPPIESS/floppiess/vendor/laravel/framework/src/Illuminate/Routing/Pipeline.php(53): Illuminate\Pipeline\Pipeline->Illuminate\Pipeline\{closure}(Object(Illuminate\Http\Request))
#65 /opt/lampp/htdocs/FLOPPIESS/floppiess/vendor/laravel/framework/src/Illuminate/Pipeline/Pipeline.php(102): Illuminate\Routing\Pipeline->Illuminate\Routing\{closure}(Object(Illuminate\Http\Request))
#66 /opt/lampp/htdocs/FLOPPIESS/floppiess/vendor/laravel/framework/src/Illuminate/Foundation/Http/Kernel.php(151): Illuminate\Pipeline\Pipeline->then(Object(Closure))
#67 /opt/lampp/htdocs/FLOPPIESS/floppiess/vendor/laravel/framework/src/Illuminate/Foundation/Http/Kernel.php(116): Illuminate\Foundation\Http\Kernel->sendRequestThroughRouter(Object(Illuminate\Http\Request))
#68 /opt/lampp/htdocs/FLOPPIESS/floppiess/index.php(43): Illuminate\Foundation\Http\Kernel->handle(Object(Illuminate\Http\Request))
#69 {main}

Next Illuminate\Database\QueryException: SQLSTATE[42S22]: Column not found: 1054 Unknown column 'title' in 'order clause' (SQL: select `samuelerhini_floppiess_`.* from `samuelerhini_floppiess_` order by `title` desc limit 20 offset 0) in /opt/lampp/htdocs/FLOPPIESS/floppiess/vendor/laravel/framework/src/Illuminate/Database/Connection.php:664
Stack trace:
#0 /opt/lampp/htdocs/FLOPPIESS/floppiess/vendor/laravel/framework/src/Illuminate/Database/Connection.php(624): Illuminate\Database\Connection->runQueryCallback('select `samuele...', Array, Object(Closure))
#1 /opt/lampp/htdocs/FLOPPIESS/floppiess/vendor/laravel/framework/src/Illuminate/Database/Connection.php(333): Illuminate\Database\Connection->run('select `samuele...', Array, Object(Closure))
#2 /opt/lampp/htdocs/FLOPPIESS/floppiess/vendor/laravel/framework/src/Illuminate/Database/Query/Builder.php(1719): Illuminate\Database\Connection->select('select `samuele...', Array, true)
#3 /opt/lampp/htdocs/FLOPPIESS/floppiess/vendor/laravel/framework/src/Illuminate/Database/Query/Builder.php(1704): Illuminate\Database\Query\Builder->runSelect()
#4 /opt/lampp/htdocs/FLOPPIESS/floppiess/vendor/october/rain/src/Database/QueryBuilder.php(122): Illuminate\Database\Query\Builder->get(Array)
#5 /opt/lampp/htdocs/FLOPPIESS/floppiess/vendor/october/rain/src/Database/QueryBuilder.php(92): October\Rain\Database\QueryBuilder->getDuplicateCached(Array)
#6 /opt/lampp/htdocs/FLOPPIESS/floppiess/vendor/laravel/framework/src/Illuminate/Database/Eloquent/Builder.php(481): October\Rain\Database\QueryBuilder->get(Array)
#7 /opt/lampp/htdocs/FLOPPIESS/floppiess/vendor/laravel/framework/src/Illuminate/Database/Eloquent/Builder.php(465): Illuminate\Database\Eloquent\Builder->getModels(Array)
#8 /opt/lampp/htdocs/FLOPPIESS/floppiess/vendor/october/rain/src/Database/Builder.php(129): Illuminate\Database\Eloquent\Builder->get(Array)
#9 /opt/lampp/htdocs/FLOPPIESS/floppiess/modules/backend/widgets/Lists.php(599): October\Rain\Database\Builder->paginate(20, 1)
#10 /opt/lampp/htdocs/FLOPPIESS/floppiess/modules/backend/widgets/Lists.php(251): Backend\Widgets\Lists->getRecords()
#11 /opt/lampp/htdocs/FLOPPIESS/floppiess/modules/backend/widgets/Lists.php(239): Backend\Widgets\Lists->prepareVars()
#12 /opt/lampp/htdocs/FLOPPIESS/floppiess/modules/backend/behaviors/listcontroller/partials/_container.htm(9): Backend\Widgets\Lists->render()
#13 /opt/lampp/htdocs/FLOPPIESS/floppiess/modules/system/traits/ViewMaker.php(247): include('/opt/lampp/htdo...')
#14 /opt/lampp/htdocs/FLOPPIESS/floppiess/modules/backend/classes/ControllerBehavior.php(153): Backend\Classes\Controller->makeFileContents('/opt/lampp/htdo...', Array)
#15 /opt/lampp/htdocs/FLOPPIESS/floppiess/modules/system/traits/ViewMaker.php(97): Backend\Classes\ControllerBehavior->makeFileContents('/opt/lampp/htdo...', Array)
#16 /opt/lampp/htdocs/FLOPPIESS/floppiess/modules/backend/behaviors/ListController.php(398): Backend\Classes\ControllerBehavior->makePartial('_container.htm', Array)
#17 /opt/lampp/htdocs/FLOPPIESS/floppiess/modules/backend/behaviors/ListController.php(385): Backend\Behaviors\ListController->listMakePartial('container', Array)
#18 [internal function]: Backend\Behaviors\ListController->listRender()
#19 /opt/lampp/htdocs/FLOPPIESS/floppiess/vendor/october/rain/src/Extension/ExtendableTrait.php(409): call_user_func_array(Array, Array)
#20 /opt/lampp/htdocs/FLOPPIESS/floppiess/modules/backend/classes/Controller.php(192): Backend\Classes\Controller->extendableCall('listRender', Array)
#21 /opt/lampp/htdocs/FLOPPIESS/floppiess/plugins/samuelerhini/floppiess/controllers/floppiess/index.htm(1): Backend\Classes\Controller->__call('listRender', Array)
#22 /opt/lampp/htdocs/FLOPPIESS/floppiess/modules/system/traits/ViewMaker.php(247): include('/opt/lampp/htdo...')
#23 /opt/lampp/htdocs/FLOPPIESS/floppiess/modules/system/traits/ViewMaker.php(109): Backend\Classes\Controller->makeFileContents('/opt/lampp/htdo...')
#24 /opt/lampp/htdocs/FLOPPIESS/floppiess/modules/backend/classes/Controller.php(411): Backend\Classes\Controller->makeView('index')
#25 /opt/lampp/htdocs/FLOPPIESS/floppiess/modules/backend/classes/Controller.php(285): Backend\Classes\Controller->execPageAction('index', Array)
#26 /opt/lampp/htdocs/FLOPPIESS/floppiess/modules/backend/classes/BackendController.php(161): Backend\Classes\Controller->run('index', Array)
#27 [internal function]: Backend\Classes\BackendController->run('samuelerhini/fl...')
#28 /opt/lampp/htdocs/FLOPPIESS/floppiess/vendor/laravel/framework/src/Illuminate/Routing/Controller.php(54): call_user_func_array(Array, Array)
#29 /opt/lampp/htdocs/FLOPPIESS/floppiess/vendor/laravel/framework/src/Illuminate/Routing/ControllerDispatcher.php(45): Illuminate\Routing\Controller->callAction('run', Array)
#30 /opt/lampp/htdocs/FLOPPIESS/floppiess/vendor/laravel/framework/src/Illuminate/Routing/Route.php(212): Illuminate\Routing\ControllerDispatcher->dispatch(Object(Illuminate\Routing\Route), Object(Backend\Classes\BackendController), 'run')
#31 /opt/lampp/htdocs/FLOPPIESS/floppiess/vendor/laravel/framework/src/Illuminate/Routing/Route.php(169): Illuminate\Routing\Route->runController()
#32 /opt/lampp/htdocs/FLOPPIESS/floppiess/vendor/laravel/framework/src/Illuminate/Routing/Router.php(658): Illuminate\Routing\Route->run()
#33 /opt/lampp/htdocs/FLOPPIESS/floppiess/vendor/laravel/framework/src/Illuminate/Routing/Pipeline.php(30): Illuminate\Routing\Router->Illuminate\Routing\{closure}(Object(Illuminate\Http\Request))
#34 /opt/lampp/htdocs/FLOPPIESS/floppiess/modules/backend/classes/BackendController.php(68): Illuminate\Routing\Pipeline->Illuminate\Routing\{closure}(Object(Illuminate\Http\Request))
#35 /opt/lampp/htdocs/FLOPPIESS/floppiess/vendor/laravel/framework/src/Illuminate/Pipeline/Pipeline.php(131): Backend\Classes\BackendController->Backend\Classes\{closure}(Object(Illuminate\Http\Request), Object(Closure))
#36 /opt/lampp/htdocs/FLOPPIESS/floppiess/vendor/laravel/framework/src/Illuminate/Routing/Pipeline.php(53): Illuminate\Pipeline\Pipeline->Illuminate\Pipeline\{closure}(Object(Illuminate\Http\Request))
#37 /opt/lampp/htdocs/FLOPPIESS/floppiess/vendor/laravel/framework/src/Illuminate/Routing/Middleware/SubstituteBindings.php(41): Illuminate\Routing\Pipeline->Illuminate\Routing\{closure}(Object(Illuminate\Http\Request))
#38 /opt/lampp/htdocs/FLOPPIESS/floppiess/vendor/laravel/framework/src/Illuminate/Pipeline/Pipeline.php(149): Illuminate\Routing\Middleware\SubstituteBindings->handle(Object(Illuminate\Http\Request), Object(Closure))
#39 /opt/lampp/htdocs/FLOPPIESS/floppiess/vendor/laravel/framework/src/Illuminate/Routing/Pipeline.php(53): Illuminate\Pipeline\Pipeline->Illuminate\Pipeline\{closure}(Object(Illuminate\Http\Request))
#40 /opt/lampp/htdocs/FLOPPIESS/floppiess/vendor/laravel/framework/src/Illuminate/View/Middleware/ShareErrorsFromSession.php(49): Illuminate\Routing\Pipeline->Illuminate\Routing\{closure}(Object(Illuminate\Http\Request))
#41 /opt/lampp/htdocs/FLOPPIESS/floppiess/vendor/laravel/framework/src/Illuminate/Pipeline/Pipeline.php(149): Illuminate\View\Middleware\ShareErrorsFromSession->handle(Object(Illuminate\Http\Request), Object(Closure))
#42 /opt/lampp/htdocs/FLOPPIESS/floppiess/vendor/laravel/framework/src/Illuminate/Routing/Pipeline.php(53): Illuminate\Pipeline\Pipeline->Illuminate\Pipeline\{closure}(Object(Illuminate\Http\Request))
#43 /opt/lampp/htdocs/FLOPPIESS/floppiess/vendor/laravel/framework/src/Illuminate/Session/Middleware/StartSession.php(63): Illuminate\Routing\Pipeline->Illuminate\Routing\{closure}(Object(Illuminate\Http\Request))
#44 /opt/lampp/htdocs/FLOPPIESS/floppiess/vendor/laravel/framework/src/Illuminate/Pipeline/Pipeline.php(149): Illuminate\Session\Middleware\StartSession->handle(Object(Illuminate\Http\Request), Object(Closure))
#45 /opt/lampp/htdocs/FLOPPIESS/floppiess/vendor/laravel/framework/src/Illuminate/Routing/Pipeline.php(53): Illuminate\Pipeline\Pipeline->Illuminate\Pipeline\{closure}(Object(Illuminate\Http\Request))
#46 /opt/lampp/htdocs/FLOPPIESS/floppiess/vendor/laravel/framework/src/Illuminate/Cookie/Middleware/AddQueuedCookiesToResponse.php(37): Illuminate\Routing\Pipeline->Illuminate\Routing\{closure}(Object(Illuminate\Http\Request))
#47 /opt/lampp/htdocs/FLOPPIESS/floppiess/vendor/laravel/framework/src/Illuminate/Pipeline/Pipeline.php(149): Illuminate\Cookie\Middleware\AddQueuedCookiesToResponse->handle(Object(Illuminate\Http\Request), Object(Closure))
#48 /opt/lampp/htdocs/FLOPPIESS/floppiess/vendor/laravel/framework/src/Illuminate/Routing/Pipeline.php(53): Illuminate\Pipeline\Pipeline->Illuminate\Pipeline\{closure}(Object(Illuminate\Http\Request))
#49 /opt/lampp/htdocs/FLOPPIESS/floppiess/vendor/laravel/framework/src/Illuminate/Cookie/Middleware/EncryptCookies.php(66): Illuminate\Routing\Pipeline->Illuminate\Routing\{closure}(Object(Illuminate\Http\Request))
#50 /opt/lampp/htdocs/FLOPPIESS/floppiess/vendor/laravel/framework/src/Illuminate/Pipeline/Pipeline.php(149): Illuminate\Cookie\Middleware\EncryptCookies->handle(Object(Illuminate\Http\Request), Object(Closure))
#51 /opt/lampp/htdocs/FLOPPIESS/floppiess/vendor/laravel/framework/src/Illuminate/Routing/Pipeline.php(53): Illuminate\Pipeline\Pipeline->Illuminate\Pipeline\{closure}(Object(Illuminate\Http\Request))
#52 /opt/lampp/htdocs/FLOPPIESS/floppiess/vendor/laravel/framework/src/Illuminate/Pipeline/Pipeline.php(102): Illuminate\Routing\Pipeline->Illuminate\Routing\{closure}(Object(Illuminate\Http\Request))
#53 /opt/lampp/htdocs/FLOPPIESS/floppiess/vendor/laravel/framework/src/Illuminate/Routing/Router.php(660): Illuminate\Pipeline\Pipeline->then(Object(Closure))
#54 /opt/lampp/htdocs/FLOPPIESS/floppiess/vendor/laravel/framework/src/Illuminate/Routing/Router.php(635): Illuminate\Routing\Router->runRouteWithinStack(Object(Illuminate\Routing\Route), Object(Illuminate\Http\Request))
#55 /opt/lampp/htdocs/FLOPPIESS/floppiess/vendor/laravel/framework/src/Illuminate/Routing/Router.php(601): Illuminate\Routing\Router->runRoute(Object(Illuminate\Http\Request), Object(Illuminate\Routing\Route))
#56 /opt/lampp/htdocs/FLOPPIESS/floppiess/vendor/october/rain/src/Router/CoreRouter.php(20): Illuminate\Routing\Router->dispatchToRoute(Object(Illuminate\Http\Request))
#57 /opt/lampp/htdocs/FLOPPIESS/floppiess/vendor/laravel/framework/src/Illuminate/Foundation/Http/Kernel.php(176): October\Rain\Router\CoreRouter->dispatch(Object(Illuminate\Http\Request))
#58 /opt/lampp/htdocs/FLOPPIESS/floppiess/vendor/laravel/framework/src/Illuminate/Routing/Pipeline.php(30): Illuminate\Foundation\Http\Kernel->Illuminate\Foundation\Http\{closure}(Object(Illuminate\Http\Request))
#59 /opt/lampp/htdocs/FLOPPIESS/floppiess/vendor/laravel/framework/src/Illuminate/Foundation/Http/Middleware/CheckForMaintenanceMode.php(46): Illuminate\Routing\Pipeline->Illuminate\Routing\{closure}(Object(Illuminate\Http\Request))
#60 /opt/lampp/htdocs/FLOPPIESS/floppiess/vendor/october/rain/src/Foundation/Http/Middleware/CheckForMaintenanceMode.php(24): Illuminate\Foundation\Http\Middleware\CheckForMaintenanceMode->handle(Object(Illuminate\Http\Request), Object(Closure))
#61 /opt/lampp/htdocs/FLOPPIESS/floppiess/vendor/laravel/framework/src/Illuminate/Pipeline/Pipeline.php(149): October\Rain\Foundation\Http\Middleware\CheckForMaintenanceMode->handle(Object(Illuminate\Http\Request), Object(Closure))
#62 /opt/lampp/htdocs/FLOPPIESS/floppiess/vendor/laravel/framework/src/Illuminate/Routing/Pipeline.php(53): Illuminate\Pipeline\Pipeline->Illuminate\Pipeline\{closure}(Object(Illuminate\Http\Request))
#63 /opt/lampp/htdocs/FLOPPIESS/floppiess/vendor/laravel/framework/src/Illuminate/Pipeline/Pipeline.php(102): Illuminate\Routing\Pipeline->Illuminate\Routing\{closure}(Object(Illuminate\Http\Request))
#64 /opt/lampp/htdocs/FLOPPIESS/floppiess/vendor/laravel/framework/src/Illuminate/Foundation/Http/Kernel.php(151): Illuminate\Pipeline\Pipeline->then(Object(Closure))
#65 /opt/lampp/htdocs/FLOPPIESS/floppiess/vendor/laravel/framework/src/Illuminate/Foundation/Http/Kernel.php(116): Illuminate\Foundation\Http\Kernel->sendRequestThroughRouter(Object(Illuminate\Http\Request))
#66 /opt/lampp/htdocs/FLOPPIESS/floppiess/index.php(43): Illuminate\Foundation\Http\Kernel->handle(Object(Illuminate\Http\Request))
#67 {main}  
[2019-09-07 05:25:45] dev.ERROR: PDOException: SQLSTATE[42S22]: Column not found: 1054 Unknown column 'title' in 'order clause' in /opt/lampp/htdocs/FLOPPIESS/floppiess/vendor/doctrine/dbal/lib/Doctrine/DBAL/Driver/PDOConnection.php:77
Stack trace:
#0 /opt/lampp/htdocs/FLOPPIESS/floppiess/vendor/doctrine/dbal/lib/Doctrine/DBAL/Driver/PDOConnection.php(77): PDO->prepare('select `samuele...', Array)
#1 /opt/lampp/htdocs/FLOPPIESS/floppiess/vendor/laravel/framework/src/Illuminate/Database/Connection.php(326): Doctrine\DBAL\Driver\PDOConnection->prepare('select `samuele...')
#2 /opt/lampp/htdocs/FLOPPIESS/floppiess/vendor/laravel/framework/src/Illuminate/Database/Connection.php(657): Illuminate\Database\Connection->Illuminate\Database\{closure}('select `samuele...', Array)
#3 /opt/lampp/htdocs/FLOPPIESS/floppiess/vendor/laravel/framework/src/Illuminate/Database/Connection.php(624): Illuminate\Database\Connection->runQueryCallback('select `samuele...', Array, Object(Closure))
#4 /opt/lampp/htdocs/FLOPPIESS/floppiess/vendor/laravel/framework/src/Illuminate/Database/Connection.php(333): Illuminate\Database\Connection->run('select `samuele...', Array, Object(Closure))
#5 /opt/lampp/htdocs/FLOPPIESS/floppiess/vendor/laravel/framework/src/Illuminate/Database/Query/Builder.php(1719): Illuminate\Database\Connection->select('select `samuele...', Array, true)
#6 /opt/lampp/htdocs/FLOPPIESS/floppiess/vendor/laravel/framework/src/Illuminate/Database/Query/Builder.php(1704): Illuminate\Database\Query\Builder->runSelect()
#7 /opt/lampp/htdocs/FLOPPIESS/floppiess/vendor/october/rain/src/Database/QueryBuilder.php(122): Illuminate\Database\Query\Builder->get(Array)
#8 /opt/lampp/htdocs/FLOPPIESS/floppiess/vendor/october/rain/src/Database/QueryBuilder.php(92): October\Rain\Database\QueryBuilder->getDuplicateCached(Array)
#9 /opt/lampp/htdocs/FLOPPIESS/floppiess/vendor/laravel/framework/src/Illuminate/Database/Eloquent/Builder.php(481): October\Rain\Database\QueryBuilder->get(Array)
#10 /opt/lampp/htdocs/FLOPPIESS/floppiess/vendor/laravel/framework/src/Illuminate/Database/Eloquent/Builder.php(465): Illuminate\Database\Eloquent\Builder->getModels(Array)
#11 /opt/lampp/htdocs/FLOPPIESS/floppiess/vendor/october/rain/src/Database/Builder.php(129): Illuminate\Database\Eloquent\Builder->get(Array)
#12 /opt/lampp/htdocs/FLOPPIESS/floppiess/modules/backend/widgets/Lists.php(599): October\Rain\Database\Builder->paginate(20, 1)
#13 /opt/lampp/htdocs/FLOPPIESS/floppiess/modules/backend/widgets/Lists.php(251): Backend\Widgets\Lists->getRecords()
#14 /opt/lampp/htdocs/FLOPPIESS/floppiess/modules/backend/widgets/Lists.php(239): Backend\Widgets\Lists->prepareVars()
#15 /opt/lampp/htdocs/FLOPPIESS/floppiess/modules/backend/behaviors/listcontroller/partials/_container.htm(9): Backend\Widgets\Lists->render()
#16 /opt/lampp/htdocs/FLOPPIESS/floppiess/modules/system/traits/ViewMaker.php(247): include('/opt/lampp/htdo...')
#17 /opt/lampp/htdocs/FLOPPIESS/floppiess/modules/backend/classes/ControllerBehavior.php(153): Backend\Classes\Controller->makeFileContents('/opt/lampp/htdo...', Array)
#18 /opt/lampp/htdocs/FLOPPIESS/floppiess/modules/system/traits/ViewMaker.php(97): Backend\Classes\ControllerBehavior->makeFileContents('/opt/lampp/htdo...', Array)
#19 /opt/lampp/htdocs/FLOPPIESS/floppiess/modules/backend/behaviors/ListController.php(398): Backend\Classes\ControllerBehavior->makePartial('_container.htm', Array)
#20 /opt/lampp/htdocs/FLOPPIESS/floppiess/modules/backend/behaviors/ListController.php(385): Backend\Behaviors\ListController->listMakePartial('container', Array)
#21 [internal function]: Backend\Behaviors\ListController->listRender()
#22 /opt/lampp/htdocs/FLOPPIESS/floppiess/vendor/october/rain/src/Extension/ExtendableTrait.php(409): call_user_func_array(Array, Array)
#23 /opt/lampp/htdocs/FLOPPIESS/floppiess/modules/backend/classes/Controller.php(192): Backend\Classes\Controller->extendableCall('listRender', Array)
#24 /opt/lampp/htdocs/FLOPPIESS/floppiess/plugins/samuelerhini/floppiess/controllers/floppiess/index.htm(1): Backend\Classes\Controller->__call('listRender', Array)
#25 /opt/lampp/htdocs/FLOPPIESS/floppiess/modules/system/traits/ViewMaker.php(247): include('/opt/lampp/htdo...')
#26 /opt/lampp/htdocs/FLOPPIESS/floppiess/modules/system/traits/ViewMaker.php(109): Backend\Classes\Controller->makeFileContents('/opt/lampp/htdo...')
#27 /opt/lampp/htdocs/FLOPPIESS/floppiess/modules/backend/classes/Controller.php(411): Backend\Classes\Controller->makeView('index')
#28 /opt/lampp/htdocs/FLOPPIESS/floppiess/modules/backend/classes/Controller.php(285): Backend\Classes\Controller->execPageAction('index', Array)
#29 /opt/lampp/htdocs/FLOPPIESS/floppiess/modules/backend/classes/BackendController.php(161): Backend\Classes\Controller->run('index', Array)
#30 [internal function]: Backend\Classes\BackendController->run('samuelerhini/fl...')
#31 /opt/lampp/htdocs/FLOPPIESS/floppiess/vendor/laravel/framework/src/Illuminate/Routing/Controller.php(54): call_user_func_array(Array, Array)
#32 /opt/lampp/htdocs/FLOPPIESS/floppiess/vendor/laravel/framework/src/Illuminate/Routing/ControllerDispatcher.php(45): Illuminate\Routing\Controller->callAction('run', Array)
#33 /opt/lampp/htdocs/FLOPPIESS/floppiess/vendor/laravel/framework/src/Illuminate/Routing/Route.php(212): Illuminate\Routing\ControllerDispatcher->dispatch(Object(Illuminate\Routing\Route), Object(Backend\Classes\BackendController), 'run')
#34 /opt/lampp/htdocs/FLOPPIESS/floppiess/vendor/laravel/framework/src/Illuminate/Routing/Route.php(169): Illuminate\Routing\Route->runController()
#35 /opt/lampp/htdocs/FLOPPIESS/floppiess/vendor/laravel/framework/src/Illuminate/Routing/Router.php(658): Illuminate\Routing\Route->run()
#36 /opt/lampp/htdocs/FLOPPIESS/floppiess/vendor/laravel/framework/src/Illuminate/Routing/Pipeline.php(30): Illuminate\Routing\Router->Illuminate\Routing\{closure}(Object(Illuminate\Http\Request))
#37 /opt/lampp/htdocs/FLOPPIESS/floppiess/modules/backend/classes/BackendController.php(68): Illuminate\Routing\Pipeline->Illuminate\Routing\{closure}(Object(Illuminate\Http\Request))
#38 /opt/lampp/htdocs/FLOPPIESS/floppiess/vendor/laravel/framework/src/Illuminate/Pipeline/Pipeline.php(131): Backend\Classes\BackendController->Backend\Classes\{closure}(Object(Illuminate\Http\Request), Object(Closure))
#39 /opt/lampp/htdocs/FLOPPIESS/floppiess/vendor/laravel/framework/src/Illuminate/Routing/Pipeline.php(53): Illuminate\Pipeline\Pipeline->Illuminate\Pipeline\{closure}(Object(Illuminate\Http\Request))
#40 /opt/lampp/htdocs/FLOPPIESS/floppiess/vendor/laravel/framework/src/Illuminate/Routing/Middleware/SubstituteBindings.php(41): Illuminate\Routing\Pipeline->Illuminate\Routing\{closure}(Object(Illuminate\Http\Request))
#41 /opt/lampp/htdocs/FLOPPIESS/floppiess/vendor/laravel/framework/src/Illuminate/Pipeline/Pipeline.php(149): Illuminate\Routing\Middleware\SubstituteBindings->handle(Object(Illuminate\Http\Request), Object(Closure))
#42 /opt/lampp/htdocs/FLOPPIESS/floppiess/vendor/laravel/framework/src/Illuminate/Routing/Pipeline.php(53): Illuminate\Pipeline\Pipeline->Illuminate\Pipeline\{closure}(Object(Illuminate\Http\Request))
#43 /opt/lampp/htdocs/FLOPPIESS/floppiess/vendor/laravel/framework/src/Illuminate/View/Middleware/ShareErrorsFromSession.php(49): Illuminate\Routing\Pipeline->Illuminate\Routing\{closure}(Object(Illuminate\Http\Request))
#44 /opt/lampp/htdocs/FLOPPIESS/floppiess/vendor/laravel/framework/src/Illuminate/Pipeline/Pipeline.php(149): Illuminate\View\Middleware\ShareErrorsFromSession->handle(Object(Illuminate\Http\Request), Object(Closure))
#45 /opt/lampp/htdocs/FLOPPIESS/floppiess/vendor/laravel/framework/src/Illuminate/Routing/Pipeline.php(53): Illuminate\Pipeline\Pipeline->Illuminate\Pipeline\{closure}(Object(Illuminate\Http\Request))
#46 /opt/lampp/htdocs/FLOPPIESS/floppiess/vendor/laravel/framework/src/Illuminate/Session/Middleware/StartSession.php(63): Illuminate\Routing\Pipeline->Illuminate\Routing\{closure}(Object(Illuminate\Http\Request))
#47 /opt/lampp/htdocs/FLOPPIESS/floppiess/vendor/laravel/framework/src/Illuminate/Pipeline/Pipeline.php(149): Illuminate\Session\Middleware\StartSession->handle(Object(Illuminate\Http\Request), Object(Closure))
#48 /opt/lampp/htdocs/FLOPPIESS/floppiess/vendor/laravel/framework/src/Illuminate/Routing/Pipeline.php(53): Illuminate\Pipeline\Pipeline->Illuminate\Pipeline\{closure}(Object(Illuminate\Http\Request))
#49 /opt/lampp/htdocs/FLOPPIESS/floppiess/vendor/laravel/framework/src/Illuminate/Cookie/Middleware/AddQueuedCookiesToResponse.php(37): Illuminate\Routing\Pipeline->Illuminate\Routing\{closure}(Object(Illuminate\Http\Request))
#50 /opt/lampp/htdocs/FLOPPIESS/floppiess/vendor/laravel/framework/src/Illuminate/Pipeline/Pipeline.php(149): Illuminate\Cookie\Middleware\AddQueuedCookiesToResponse->handle(Object(Illuminate\Http\Request), Object(Closure))
#51 /opt/lampp/htdocs/FLOPPIESS/floppiess/vendor/laravel/framework/src/Illuminate/Routing/Pipeline.php(53): Illuminate\Pipeline\Pipeline->Illuminate\Pipeline\{closure}(Object(Illuminate\Http\Request))
#52 /opt/lampp/htdocs/FLOPPIESS/floppiess/vendor/laravel/framework/src/Illuminate/Cookie/Middleware/EncryptCookies.php(66): Illuminate\Routing\Pipeline->Illuminate\Routing\{closure}(Object(Illuminate\Http\Request))
#53 /opt/lampp/htdocs/FLOPPIESS/floppiess/vendor/laravel/framework/src/Illuminate/Pipeline/Pipeline.php(149): Illuminate\Cookie\Middleware\EncryptCookies->handle(Object(Illuminate\Http\Request), Object(Closure))
#54 /opt/lampp/htdocs/FLOPPIESS/floppiess/vendor/laravel/framework/src/Illuminate/Routing/Pipeline.php(53): Illuminate\Pipeline\Pipeline->Illuminate\Pipeline\{closure}(Object(Illuminate\Http\Request))
#55 /opt/lampp/htdocs/FLOPPIESS/floppiess/vendor/laravel/framework/src/Illuminate/Pipeline/Pipeline.php(102): Illuminate\Routing\Pipeline->Illuminate\Routing\{closure}(Object(Illuminate\Http\Request))
#56 /opt/lampp/htdocs/FLOPPIESS/floppiess/vendor/laravel/framework/src/Illuminate/Routing/Router.php(660): Illuminate\Pipeline\Pipeline->then(Object(Closure))
#57 /opt/lampp/htdocs/FLOPPIESS/floppiess/vendor/laravel/framework/src/Illuminate/Routing/Router.php(635): Illuminate\Routing\Router->runRouteWithinStack(Object(Illuminate\Routing\Route), Object(Illuminate\Http\Request))
#58 /opt/lampp/htdocs/FLOPPIESS/floppiess/vendor/laravel/framework/src/Illuminate/Routing/Router.php(601): Illuminate\Routing\Router->runRoute(Object(Illuminate\Http\Request), Object(Illuminate\Routing\Route))
#59 /opt/lampp/htdocs/FLOPPIESS/floppiess/vendor/october/rain/src/Router/CoreRouter.php(20): Illuminate\Routing\Router->dispatchToRoute(Object(Illuminate\Http\Request))
#60 /opt/lampp/htdocs/FLOPPIESS/floppiess/vendor/laravel/framework/src/Illuminate/Foundation/Http/Kernel.php(176): October\Rain\Router\CoreRouter->dispatch(Object(Illuminate\Http\Request))
#61 /opt/lampp/htdocs/FLOPPIESS/floppiess/vendor/laravel/framework/src/Illuminate/Routing/Pipeline.php(30): Illuminate\Foundation\Http\Kernel->Illuminate\Foundation\Http\{closure}(Object(Illuminate\Http\Request))
#62 /opt/lampp/htdocs/FLOPPIESS/floppiess/vendor/laravel/framework/src/Illuminate/Foundation/Http/Middleware/CheckForMaintenanceMode.php(46): Illuminate\Routing\Pipeline->Illuminate\Routing\{closure}(Object(Illuminate\Http\Request))
#63 /opt/lampp/htdocs/FLOPPIESS/floppiess/vendor/october/rain/src/Foundation/Http/Middleware/CheckForMaintenanceMode.php(24): Illuminate\Foundation\Http\Middleware\CheckForMaintenanceMode->handle(Object(Illuminate\Http\Request), Object(Closure))
#64 /opt/lampp/htdocs/FLOPPIESS/floppiess/vendor/laravel/framework/src/Illuminate/Pipeline/Pipeline.php(149): October\Rain\Foundation\Http\Middleware\CheckForMaintenanceMode->handle(Object(Illuminate\Http\Request), Object(Closure))
#65 /opt/lampp/htdocs/FLOPPIESS/floppiess/vendor/laravel/framework/src/Illuminate/Routing/Pipeline.php(53): Illuminate\Pipeline\Pipeline->Illuminate\Pipeline\{closure}(Object(Illuminate\Http\Request))
#66 /opt/lampp/htdocs/FLOPPIESS/floppiess/vendor/laravel/framework/src/Illuminate/Pipeline/Pipeline.php(102): Illuminate\Routing\Pipeline->Illuminate\Routing\{closure}(Object(Illuminate\Http\Request))
#67 /opt/lampp/htdocs/FLOPPIESS/floppiess/vendor/laravel/framework/src/Illuminate/Foundation/Http/Kernel.php(151): Illuminate\Pipeline\Pipeline->then(Object(Closure))
#68 /opt/lampp/htdocs/FLOPPIESS/floppiess/vendor/laravel/framework/src/Illuminate/Foundation/Http/Kernel.php(116): Illuminate\Foundation\Http\Kernel->sendRequestThroughRouter(Object(Illuminate\Http\Request))
#69 /opt/lampp/htdocs/FLOPPIESS/floppiess/index.php(43): Illuminate\Foundation\Http\Kernel->handle(Object(Illuminate\Http\Request))
#70 {main}

Next Doctrine\DBAL\Driver\PDOException: SQLSTATE[42S22]: Column not found: 1054 Unknown column 'title' in 'order clause' in /opt/lampp/htdocs/FLOPPIESS/floppiess/vendor/doctrine/dbal/lib/Doctrine/DBAL/Driver/PDOConnection.php:79
Stack trace:
#0 /opt/lampp/htdocs/FLOPPIESS/floppiess/vendor/laravel/framework/src/Illuminate/Database/Connection.php(326): Doctrine\DBAL\Driver\PDOConnection->prepare('select `samuele...')
#1 /opt/lampp/htdocs/FLOPPIESS/floppiess/vendor/laravel/framework/src/Illuminate/Database/Connection.php(657): Illuminate\Database\Connection->Illuminate\Database\{closure}('select `samuele...', Array)
#2 /opt/lampp/htdocs/FLOPPIESS/floppiess/vendor/laravel/framework/src/Illuminate/Database/Connection.php(624): Illuminate\Database\Connection->runQueryCallback('select `samuele...', Array, Object(Closure))
#3 /opt/lampp/htdocs/FLOPPIESS/floppiess/vendor/laravel/framework/src/Illuminate/Database/Connection.php(333): Illuminate\Database\Connection->run('select `samuele...', Array, Object(Closure))
#4 /opt/lampp/htdocs/FLOPPIESS/floppiess/vendor/laravel/framework/src/Illuminate/Database/Query/Builder.php(1719): Illuminate\Database\Connection->select('select `samuele...', Array, true)
#5 /opt/lampp/htdocs/FLOPPIESS/floppiess/vendor/laravel/framework/src/Illuminate/Database/Query/Builder.php(1704): Illuminate\Database\Query\Builder->runSelect()
#6 /opt/lampp/htdocs/FLOPPIESS/floppiess/vendor/october/rain/src/Database/QueryBuilder.php(122): Illuminate\Database\Query\Builder->get(Array)
#7 /opt/lampp/htdocs/FLOPPIESS/floppiess/vendor/october/rain/src/Database/QueryBuilder.php(92): October\Rain\Database\QueryBuilder->getDuplicateCached(Array)
#8 /opt/lampp/htdocs/FLOPPIESS/floppiess/vendor/laravel/framework/src/Illuminate/Database/Eloquent/Builder.php(481): October\Rain\Database\QueryBuilder->get(Array)
#9 /opt/lampp/htdocs/FLOPPIESS/floppiess/vendor/laravel/framework/src/Illuminate/Database/Eloquent/Builder.php(465): Illuminate\Database\Eloquent\Builder->getModels(Array)
#10 /opt/lampp/htdocs/FLOPPIESS/floppiess/vendor/october/rain/src/Database/Builder.php(129): Illuminate\Database\Eloquent\Builder->get(Array)
#11 /opt/lampp/htdocs/FLOPPIESS/floppiess/modules/backend/widgets/Lists.php(599): October\Rain\Database\Builder->paginate(20, 1)
#12 /opt/lampp/htdocs/FLOPPIESS/floppiess/modules/backend/widgets/Lists.php(251): Backend\Widgets\Lists->getRecords()
#13 /opt/lampp/htdocs/FLOPPIESS/floppiess/modules/backend/widgets/Lists.php(239): Backend\Widgets\Lists->prepareVars()
#14 /opt/lampp/htdocs/FLOPPIESS/floppiess/modules/backend/behaviors/listcontroller/partials/_container.htm(9): Backend\Widgets\Lists->render()
#15 /opt/lampp/htdocs/FLOPPIESS/floppiess/modules/system/traits/ViewMaker.php(247): include('/opt/lampp/htdo...')
#16 /opt/lampp/htdocs/FLOPPIESS/floppiess/modules/backend/classes/ControllerBehavior.php(153): Backend\Classes\Controller->makeFileContents('/opt/lampp/htdo...', Array)
#17 /opt/lampp/htdocs/FLOPPIESS/floppiess/modules/system/traits/ViewMaker.php(97): Backend\Classes\ControllerBehavior->makeFileContents('/opt/lampp/htdo...', Array)
#18 /opt/lampp/htdocs/FLOPPIESS/floppiess/modules/backend/behaviors/ListController.php(398): Backend\Classes\ControllerBehavior->makePartial('_container.htm', Array)
#19 /opt/lampp/htdocs/FLOPPIESS/floppiess/modules/backend/behaviors/ListController.php(385): Backend\Behaviors\ListController->listMakePartial('container', Array)
#20 [internal function]: Backend\Behaviors\ListController->listRender()
#21 /opt/lampp/htdocs/FLOPPIESS/floppiess/vendor/october/rain/src/Extension/ExtendableTrait.php(409): call_user_func_array(Array, Array)
#22 /opt/lampp/htdocs/FLOPPIESS/floppiess/modules/backend/classes/Controller.php(192): Backend\Classes\Controller->extendableCall('listRender', Array)
#23 /opt/lampp/htdocs/FLOPPIESS/floppiess/plugins/samuelerhini/floppiess/controllers/floppiess/index.htm(1): Backend\Classes\Controller->__call('listRender', Array)
#24 /opt/lampp/htdocs/FLOPPIESS/floppiess/modules/system/traits/ViewMaker.php(247): include('/opt/lampp/htdo...')
#25 /opt/lampp/htdocs/FLOPPIESS/floppiess/modules/system/traits/ViewMaker.php(109): Backend\Classes\Controller->makeFileContents('/opt/lampp/htdo...')
#26 /opt/lampp/htdocs/FLOPPIESS/floppiess/modules/backend/classes/Controller.php(411): Backend\Classes\Controller->makeView('index')
#27 /opt/lampp/htdocs/FLOPPIESS/floppiess/modules/backend/classes/Controller.php(285): Backend\Classes\Controller->execPageAction('index', Array)
#28 /opt/lampp/htdocs/FLOPPIESS/floppiess/modules/backend/classes/BackendController.php(161): Backend\Classes\Controller->run('index', Array)
#29 [internal function]: Backend\Classes\BackendController->run('samuelerhini/fl...')
#30 /opt/lampp/htdocs/FLOPPIESS/floppiess/vendor/laravel/framework/src/Illuminate/Routing/Controller.php(54): call_user_func_array(Array, Array)
#31 /opt/lampp/htdocs/FLOPPIESS/floppiess/vendor/laravel/framework/src/Illuminate/Routing/ControllerDispatcher.php(45): Illuminate\Routing\Controller->callAction('run', Array)
#32 /opt/lampp/htdocs/FLOPPIESS/floppiess/vendor/laravel/framework/src/Illuminate/Routing/Route.php(212): Illuminate\Routing\ControllerDispatcher->dispatch(Object(Illuminate\Routing\Route), Object(Backend\Classes\BackendController), 'run')
#33 /opt/lampp/htdocs/FLOPPIESS/floppiess/vendor/laravel/framework/src/Illuminate/Routing/Route.php(169): Illuminate\Routing\Route->runController()
#34 /opt/lampp/htdocs/FLOPPIESS/floppiess/vendor/laravel/framework/src/Illuminate/Routing/Router.php(658): Illuminate\Routing\Route->run()
#35 /opt/lampp/htdocs/FLOPPIESS/floppiess/vendor/laravel/framework/src/Illuminate/Routing/Pipeline.php(30): Illuminate\Routing\Router->Illuminate\Routing\{closure}(Object(Illuminate\Http\Request))
#36 /opt/lampp/htdocs/FLOPPIESS/floppiess/modules/backend/classes/BackendController.php(68): Illuminate\Routing\Pipeline->Illuminate\Routing\{closure}(Object(Illuminate\Http\Request))
#37 /opt/lampp/htdocs/FLOPPIESS/floppiess/vendor/laravel/framework/src/Illuminate/Pipeline/Pipeline.php(131): Backend\Classes\BackendController->Backend\Classes\{closure}(Object(Illuminate\Http\Request), Object(Closure))
#38 /opt/lampp/htdocs/FLOPPIESS/floppiess/vendor/laravel/framework/src/Illuminate/Routing/Pipeline.php(53): Illuminate\Pipeline\Pipeline->Illuminate\Pipeline\{closure}(Object(Illuminate\Http\Request))
#39 /opt/lampp/htdocs/FLOPPIESS/floppiess/vendor/laravel/framework/src/Illuminate/Routing/Middleware/SubstituteBindings.php(41): Illuminate\Routing\Pipeline->Illuminate\Routing\{closure}(Object(Illuminate\Http\Request))
#40 /opt/lampp/htdocs/FLOPPIESS/floppiess/vendor/laravel/framework/src/Illuminate/Pipeline/Pipeline.php(149): Illuminate\Routing\Middleware\SubstituteBindings->handle(Object(Illuminate\Http\Request), Object(Closure))
#41 /opt/lampp/htdocs/FLOPPIESS/floppiess/vendor/laravel/framework/src/Illuminate/Routing/Pipeline.php(53): Illuminate\Pipeline\Pipeline->Illuminate\Pipeline\{closure}(Object(Illuminate\Http\Request))
#42 /opt/lampp/htdocs/FLOPPIESS/floppiess/vendor/laravel/framework/src/Illuminate/View/Middleware/ShareErrorsFromSession.php(49): Illuminate\Routing\Pipeline->Illuminate\Routing\{closure}(Object(Illuminate\Http\Request))
#43 /opt/lampp/htdocs/FLOPPIESS/floppiess/vendor/laravel/framework/src/Illuminate/Pipeline/Pipeline.php(149): Illuminate\View\Middleware\ShareErrorsFromSession->handle(Object(Illuminate\Http\Request), Object(Closure))
#44 /opt/lampp/htdocs/FLOPPIESS/floppiess/vendor/laravel/framework/src/Illuminate/Routing/Pipeline.php(53): Illuminate\Pipeline\Pipeline->Illuminate\Pipeline\{closure}(Object(Illuminate\Http\Request))
#45 /opt/lampp/htdocs/FLOPPIESS/floppiess/vendor/laravel/framework/src/Illuminate/Session/Middleware/StartSession.php(63): Illuminate\Routing\Pipeline->Illuminate\Routing\{closure}(Object(Illuminate\Http\Request))
#46 /opt/lampp/htdocs/FLOPPIESS/floppiess/vendor/laravel/framework/src/Illuminate/Pipeline/Pipeline.php(149): Illuminate\Session\Middleware\StartSession->handle(Object(Illuminate\Http\Request), Object(Closure))
#47 /opt/lampp/htdocs/FLOPPIESS/floppiess/vendor/laravel/framework/src/Illuminate/Routing/Pipeline.php(53): Illuminate\Pipeline\Pipeline->Illuminate\Pipeline\{closure}(Object(Illuminate\Http\Request))
#48 /opt/lampp/htdocs/FLOPPIESS/floppiess/vendor/laravel/framework/src/Illuminate/Cookie/Middleware/AddQueuedCookiesToResponse.php(37): Illuminate\Routing\Pipeline->Illuminate\Routing\{closure}(Object(Illuminate\Http\Request))
#49 /opt/lampp/htdocs/FLOPPIESS/floppiess/vendor/laravel/framework/src/Illuminate/Pipeline/Pipeline.php(149): Illuminate\Cookie\Middleware\AddQueuedCookiesToResponse->handle(Object(Illuminate\Http\Request), Object(Closure))
#50 /opt/lampp/htdocs/FLOPPIESS/floppiess/vendor/laravel/framework/src/Illuminate/Routing/Pipeline.php(53): Illuminate\Pipeline\Pipeline->Illuminate\Pipeline\{closure}(Object(Illuminate\Http\Request))
#51 /opt/lampp/htdocs/FLOPPIESS/floppiess/vendor/laravel/framework/src/Illuminate/Cookie/Middleware/EncryptCookies.php(66): Illuminate\Routing\Pipeline->Illuminate\Routing\{closure}(Object(Illuminate\Http\Request))
#52 /opt/lampp/htdocs/FLOPPIESS/floppiess/vendor/laravel/framework/src/Illuminate/Pipeline/Pipeline.php(149): Illuminate\Cookie\Middleware\EncryptCookies->handle(Object(Illuminate\Http\Request), Object(Closure))
#53 /opt/lampp/htdocs/FLOPPIESS/floppiess/vendor/laravel/framework/src/Illuminate/Routing/Pipeline.php(53): Illuminate\Pipeline\Pipeline->Illuminate\Pipeline\{closure}(Object(Illuminate\Http\Request))
#54 /opt/lampp/htdocs/FLOPPIESS/floppiess/vendor/laravel/framework/src/Illuminate/Pipeline/Pipeline.php(102): Illuminate\Routing\Pipeline->Illuminate\Routing\{closure}(Object(Illuminate\Http\Request))
#55 /opt/lampp/htdocs/FLOPPIESS/floppiess/vendor/laravel/framework/src/Illuminate/Routing/Router.php(660): Illuminate\Pipeline\Pipeline->then(Object(Closure))
#56 /opt/lampp/htdocs/FLOPPIESS/floppiess/vendor/laravel/framework/src/Illuminate/Routing/Router.php(635): Illuminate\Routing\Router->runRouteWithinStack(Object(Illuminate\Routing\Route), Object(Illuminate\Http\Request))
#57 /opt/lampp/htdocs/FLOPPIESS/floppiess/vendor/laravel/framework/src/Illuminate/Routing/Router.php(601): Illuminate\Routing\Router->runRoute(Object(Illuminate\Http\Request), Object(Illuminate\Routing\Route))
#58 /opt/lampp/htdocs/FLOPPIESS/floppiess/vendor/october/rain/src/Router/CoreRouter.php(20): Illuminate\Routing\Router->dispatchToRoute(Object(Illuminate\Http\Request))
#59 /opt/lampp/htdocs/FLOPPIESS/floppiess/vendor/laravel/framework/src/Illuminate/Foundation/Http/Kernel.php(176): October\Rain\Router\CoreRouter->dispatch(Object(Illuminate\Http\Request))
#60 /opt/lampp/htdocs/FLOPPIESS/floppiess/vendor/laravel/framework/src/Illuminate/Routing/Pipeline.php(30): Illuminate\Foundation\Http\Kernel->Illuminate\Foundation\Http\{closure}(Object(Illuminate\Http\Request))
#61 /opt/lampp/htdocs/FLOPPIESS/floppiess/vendor/laravel/framework/src/Illuminate/Foundation/Http/Middleware/CheckForMaintenanceMode.php(46): Illuminate\Routing\Pipeline->Illuminate\Routing\{closure}(Object(Illuminate\Http\Request))
#62 /opt/lampp/htdocs/FLOPPIESS/floppiess/vendor/october/rain/src/Foundation/Http/Middleware/CheckForMaintenanceMode.php(24): Illuminate\Foundation\Http\Middleware\CheckForMaintenanceMode->handle(Object(Illuminate\Http\Request), Object(Closure))
#63 /opt/lampp/htdocs/FLOPPIESS/floppiess/vendor/laravel/framework/src/Illuminate/Pipeline/Pipeline.php(149): October\Rain\Foundation\Http\Middleware\CheckForMaintenanceMode->handle(Object(Illuminate\Http\Request), Object(Closure))
#64 /opt/lampp/htdocs/FLOPPIESS/floppiess/vendor/laravel/framework/src/Illuminate/Routing/Pipeline.php(53): Illuminate\Pipeline\Pipeline->Illuminate\Pipeline\{closure}(Object(Illuminate\Http\Request))
#65 /opt/lampp/htdocs/FLOPPIESS/floppiess/vendor/laravel/framework/src/Illuminate/Pipeline/Pipeline.php(102): Illuminate\Routing\Pipeline->Illuminate\Routing\{closure}(Object(Illuminate\Http\Request))
#66 /opt/lampp/htdocs/FLOPPIESS/floppiess/vendor/laravel/framework/src/Illuminate/Foundation/Http/Kernel.php(151): Illuminate\Pipeline\Pipeline->then(Object(Closure))
#67 /opt/lampp/htdocs/FLOPPIESS/floppiess/vendor/laravel/framework/src/Illuminate/Foundation/Http/Kernel.php(116): Illuminate\Foundation\Http\Kernel->sendRequestThroughRouter(Object(Illuminate\Http\Request))
#68 /opt/lampp/htdocs/FLOPPIESS/floppiess/index.php(43): Illuminate\Foundation\Http\Kernel->handle(Object(Illuminate\Http\Request))
#69 {main}

Next Illuminate\Database\QueryException: SQLSTATE[42S22]: Column not found: 1054 Unknown column 'title' in 'order clause' (SQL: select `samuelerhini_floppiess_`.* from `samuelerhini_floppiess_` order by `title` desc limit 20 offset 0) in /opt/lampp/htdocs/FLOPPIESS/floppiess/vendor/laravel/framework/src/Illuminate/Database/Connection.php:664
Stack trace:
#0 /opt/lampp/htdocs/FLOPPIESS/floppiess/vendor/laravel/framework/src/Illuminate/Database/Connection.php(624): Illuminate\Database\Connection->runQueryCallback('select `samuele...', Array, Object(Closure))
#1 /opt/lampp/htdocs/FLOPPIESS/floppiess/vendor/laravel/framework/src/Illuminate/Database/Connection.php(333): Illuminate\Database\Connection->run('select `samuele...', Array, Object(Closure))
#2 /opt/lampp/htdocs/FLOPPIESS/floppiess/vendor/laravel/framework/src/Illuminate/Database/Query/Builder.php(1719): Illuminate\Database\Connection->select('select `samuele...', Array, true)
#3 /opt/lampp/htdocs/FLOPPIESS/floppiess/vendor/laravel/framework/src/Illuminate/Database/Query/Builder.php(1704): Illuminate\Database\Query\Builder->runSelect()
#4 /opt/lampp/htdocs/FLOPPIESS/floppiess/vendor/october/rain/src/Database/QueryBuilder.php(122): Illuminate\Database\Query\Builder->get(Array)
#5 /opt/lampp/htdocs/FLOPPIESS/floppiess/vendor/october/rain/src/Database/QueryBuilder.php(92): October\Rain\Database\QueryBuilder->getDuplicateCached(Array)
#6 /opt/lampp/htdocs/FLOPPIESS/floppiess/vendor/laravel/framework/src/Illuminate/Database/Eloquent/Builder.php(481): October\Rain\Database\QueryBuilder->get(Array)
#7 /opt/lampp/htdocs/FLOPPIESS/floppiess/vendor/laravel/framework/src/Illuminate/Database/Eloquent/Builder.php(465): Illuminate\Database\Eloquent\Builder->getModels(Array)
#8 /opt/lampp/htdocs/FLOPPIESS/floppiess/vendor/october/rain/src/Database/Builder.php(129): Illuminate\Database\Eloquent\Builder->get(Array)
#9 /opt/lampp/htdocs/FLOPPIESS/floppiess/modules/backend/widgets/Lists.php(599): October\Rain\Database\Builder->paginate(20, 1)
#10 /opt/lampp/htdocs/FLOPPIESS/floppiess/modules/backend/widgets/Lists.php(251): Backend\Widgets\Lists->getRecords()
#11 /opt/lampp/htdocs/FLOPPIESS/floppiess/modules/backend/widgets/Lists.php(239): Backend\Widgets\Lists->prepareVars()
#12 /opt/lampp/htdocs/FLOPPIESS/floppiess/modules/backend/behaviors/listcontroller/partials/_container.htm(9): Backend\Widgets\Lists->render()
#13 /opt/lampp/htdocs/FLOPPIESS/floppiess/modules/system/traits/ViewMaker.php(247): include('/opt/lampp/htdo...')
#14 /opt/lampp/htdocs/FLOPPIESS/floppiess/modules/backend/classes/ControllerBehavior.php(153): Backend\Classes\Controller->makeFileContents('/opt/lampp/htdo...', Array)
#15 /opt/lampp/htdocs/FLOPPIESS/floppiess/modules/system/traits/ViewMaker.php(97): Backend\Classes\ControllerBehavior->makeFileContents('/opt/lampp/htdo...', Array)
#16 /opt/lampp/htdocs/FLOPPIESS/floppiess/modules/backend/behaviors/ListController.php(398): Backend\Classes\ControllerBehavior->makePartial('_container.htm', Array)
#17 /opt/lampp/htdocs/FLOPPIESS/floppiess/modules/backend/behaviors/ListController.php(385): Backend\Behaviors\ListController->listMakePartial('container', Array)
#18 [internal function]: Backend\Behaviors\ListController->listRender()
#19 /opt/lampp/htdocs/FLOPPIESS/floppiess/vendor/october/rain/src/Extension/ExtendableTrait.php(409): call_user_func_array(Array, Array)
#20 /opt/lampp/htdocs/FLOPPIESS/floppiess/modules/backend/classes/Controller.php(192): Backend\Classes\Controller->extendableCall('listRender', Array)
#21 /opt/lampp/htdocs/FLOPPIESS/floppiess/plugins/samuelerhini/floppiess/controllers/floppiess/index.htm(1): Backend\Classes\Controller->__call('listRender', Array)
#22 /opt/lampp/htdocs/FLOPPIESS/floppiess/modules/system/traits/ViewMaker.php(247): include('/opt/lampp/htdo...')
#23 /opt/lampp/htdocs/FLOPPIESS/floppiess/modules/system/traits/ViewMaker.php(109): Backend\Classes\Controller->makeFileContents('/opt/lampp/htdo...')
#24 /opt/lampp/htdocs/FLOPPIESS/floppiess/modules/backend/classes/Controller.php(411): Backend\Classes\Controller->makeView('index')
#25 /opt/lampp/htdocs/FLOPPIESS/floppiess/modules/backend/classes/Controller.php(285): Backend\Classes\Controller->execPageAction('index', Array)
#26 /opt/lampp/htdocs/FLOPPIESS/floppiess/modules/backend/classes/BackendController.php(161): Backend\Classes\Controller->run('index', Array)
#27 [internal function]: Backend\Classes\BackendController->run('samuelerhini/fl...')
#28 /opt/lampp/htdocs/FLOPPIESS/floppiess/vendor/laravel/framework/src/Illuminate/Routing/Controller.php(54): call_user_func_array(Array, Array)
#29 /opt/lampp/htdocs/FLOPPIESS/floppiess/vendor/laravel/framework/src/Illuminate/Routing/ControllerDispatcher.php(45): Illuminate\Routing\Controller->callAction('run', Array)
#30 /opt/lampp/htdocs/FLOPPIESS/floppiess/vendor/laravel/framework/src/Illuminate/Routing/Route.php(212): Illuminate\Routing\ControllerDispatcher->dispatch(Object(Illuminate\Routing\Route), Object(Backend\Classes\BackendController), 'run')
#31 /opt/lampp/htdocs/FLOPPIESS/floppiess/vendor/laravel/framework/src/Illuminate/Routing/Route.php(169): Illuminate\Routing\Route->runController()
#32 /opt/lampp/htdocs/FLOPPIESS/floppiess/vendor/laravel/framework/src/Illuminate/Routing/Router.php(658): Illuminate\Routing\Route->run()
#33 /opt/lampp/htdocs/FLOPPIESS/floppiess/vendor/laravel/framework/src/Illuminate/Routing/Pipeline.php(30): Illuminate\Routing\Router->Illuminate\Routing\{closure}(Object(Illuminate\Http\Request))
#34 /opt/lampp/htdocs/FLOPPIESS/floppiess/modules/backend/classes/BackendController.php(68): Illuminate\Routing\Pipeline->Illuminate\Routing\{closure}(Object(Illuminate\Http\Request))
#35 /opt/lampp/htdocs/FLOPPIESS/floppiess/vendor/laravel/framework/src/Illuminate/Pipeline/Pipeline.php(131): Backend\Classes\BackendController->Backend\Classes\{closure}(Object(Illuminate\Http\Request), Object(Closure))
#36 /opt/lampp/htdocs/FLOPPIESS/floppiess/vendor/laravel/framework/src/Illuminate/Routing/Pipeline.php(53): Illuminate\Pipeline\Pipeline->Illuminate\Pipeline\{closure}(Object(Illuminate\Http\Request))
#37 /opt/lampp/htdocs/FLOPPIESS/floppiess/vendor/laravel/framework/src/Illuminate/Routing/Middleware/SubstituteBindings.php(41): Illuminate\Routing\Pipeline->Illuminate\Routing\{closure}(Object(Illuminate\Http\Request))
#38 /opt/lampp/htdocs/FLOPPIESS/floppiess/vendor/laravel/framework/src/Illuminate/Pipeline/Pipeline.php(149): Illuminate\Routing\Middleware\SubstituteBindings->handle(Object(Illuminate\Http\Request), Object(Closure))
#39 /opt/lampp/htdocs/FLOPPIESS/floppiess/vendor/laravel/framework/src/Illuminate/Routing/Pipeline.php(53): Illuminate\Pipeline\Pipeline->Illuminate\Pipeline\{closure}(Object(Illuminate\Http\Request))
#40 /opt/lampp/htdocs/FLOPPIESS/floppiess/vendor/laravel/framework/src/Illuminate/View/Middleware/ShareErrorsFromSession.php(49): Illuminate\Routing\Pipeline->Illuminate\Routing\{closure}(Object(Illuminate\Http\Request))
#41 /opt/lampp/htdocs/FLOPPIESS/floppiess/vendor/laravel/framework/src/Illuminate/Pipeline/Pipeline.php(149): Illuminate\View\Middleware\ShareErrorsFromSession->handle(Object(Illuminate\Http\Request), Object(Closure))
#42 /opt/lampp/htdocs/FLOPPIESS/floppiess/vendor/laravel/framework/src/Illuminate/Routing/Pipeline.php(53): Illuminate\Pipeline\Pipeline->Illuminate\Pipeline\{closure}(Object(Illuminate\Http\Request))
#43 /opt/lampp/htdocs/FLOPPIESS/floppiess/vendor/laravel/framework/src/Illuminate/Session/Middleware/StartSession.php(63): Illuminate\Routing\Pipeline->Illuminate\Routing\{closure}(Object(Illuminate\Http\Request))
#44 /opt/lampp/htdocs/FLOPPIESS/floppiess/vendor/laravel/framework/src/Illuminate/Pipeline/Pipeline.php(149): Illuminate\Session\Middleware\StartSession->handle(Object(Illuminate\Http\Request), Object(Closure))
#45 /opt/lampp/htdocs/FLOPPIESS/floppiess/vendor/laravel/framework/src/Illuminate/Routing/Pipeline.php(53): Illuminate\Pipeline\Pipeline->Illuminate\Pipeline\{closure}(Object(Illuminate\Http\Request))
#46 /opt/lampp/htdocs/FLOPPIESS/floppiess/vendor/laravel/framework/src/Illuminate/Cookie/Middleware/AddQueuedCookiesToResponse.php(37): Illuminate\Routing\Pipeline->Illuminate\Routing\{closure}(Object(Illuminate\Http\Request))
#47 /opt/lampp/htdocs/FLOPPIESS/floppiess/vendor/laravel/framework/src/Illuminate/Pipeline/Pipeline.php(149): Illuminate\Cookie\Middleware\AddQueuedCookiesToResponse->handle(Object(Illuminate\Http\Request), Object(Closure))
#48 /opt/lampp/htdocs/FLOPPIESS/floppiess/vendor/laravel/framework/src/Illuminate/Routing/Pipeline.php(53): Illuminate\Pipeline\Pipeline->Illuminate\Pipeline\{closure}(Object(Illuminate\Http\Request))
#49 /opt/lampp/htdocs/FLOPPIESS/floppiess/vendor/laravel/framework/src/Illuminate/Cookie/Middleware/EncryptCookies.php(66): Illuminate\Routing\Pipeline->Illuminate\Routing\{closure}(Object(Illuminate\Http\Request))
#50 /opt/lampp/htdocs/FLOPPIESS/floppiess/vendor/laravel/framework/src/Illuminate/Pipeline/Pipeline.php(149): Illuminate\Cookie\Middleware\EncryptCookies->handle(Object(Illuminate\Http\Request), Object(Closure))
#51 /opt/lampp/htdocs/FLOPPIESS/floppiess/vendor/laravel/framework/src/Illuminate/Routing/Pipeline.php(53): Illuminate\Pipeline\Pipeline->Illuminate\Pipeline\{closure}(Object(Illuminate\Http\Request))
#52 /opt/lampp/htdocs/FLOPPIESS/floppiess/vendor/laravel/framework/src/Illuminate/Pipeline/Pipeline.php(102): Illuminate\Routing\Pipeline->Illuminate\Routing\{closure}(Object(Illuminate\Http\Request))
#53 /opt/lampp/htdocs/FLOPPIESS/floppiess/vendor/laravel/framework/src/Illuminate/Routing/Router.php(660): Illuminate\Pipeline\Pipeline->then(Object(Closure))
#54 /opt/lampp/htdocs/FLOPPIESS/floppiess/vendor/laravel/framework/src/Illuminate/Routing/Router.php(635): Illuminate\Routing\Router->runRouteWithinStack(Object(Illuminate\Routing\Route), Object(Illuminate\Http\Request))
#55 /opt/lampp/htdocs/FLOPPIESS/floppiess/vendor/laravel/framework/src/Illuminate/Routing/Router.php(601): Illuminate\Routing\Router->runRoute(Object(Illuminate\Http\Request), Object(Illuminate\Routing\Route))
#56 /opt/lampp/htdocs/FLOPPIESS/floppiess/vendor/october/rain/src/Router/CoreRouter.php(20): Illuminate\Routing\Router->dispatchToRoute(Object(Illuminate\Http\Request))
#57 /opt/lampp/htdocs/FLOPPIESS/floppiess/vendor/laravel/framework/src/Illuminate/Foundation/Http/Kernel.php(176): October\Rain\Router\CoreRouter->dispatch(Object(Illuminate\Http\Request))
#58 /opt/lampp/htdocs/FLOPPIESS/floppiess/vendor/laravel/framework/src/Illuminate/Routing/Pipeline.php(30): Illuminate\Foundation\Http\Kernel->Illuminate\Foundation\Http\{closure}(Object(Illuminate\Http\Request))
#59 /opt/lampp/htdocs/FLOPPIESS/floppiess/vendor/laravel/framework/src/Illuminate/Foundation/Http/Middleware/CheckForMaintenanceMode.php(46): Illuminate\Routing\Pipeline->Illuminate\Routing\{closure}(Object(Illuminate\Http\Request))
#60 /opt/lampp/htdocs/FLOPPIESS/floppiess/vendor/october/rain/src/Foundation/Http/Middleware/CheckForMaintenanceMode.php(24): Illuminate\Foundation\Http\Middleware\CheckForMaintenanceMode->handle(Object(Illuminate\Http\Request), Object(Closure))
#61 /opt/lampp/htdocs/FLOPPIESS/floppiess/vendor/laravel/framework/src/Illuminate/Pipeline/Pipeline.php(149): October\Rain\Foundation\Http\Middleware\CheckForMaintenanceMode->handle(Object(Illuminate\Http\Request), Object(Closure))
#62 /opt/lampp/htdocs/FLOPPIESS/floppiess/vendor/laravel/framework/src/Illuminate/Routing/Pipeline.php(53): Illuminate\Pipeline\Pipeline->Illuminate\Pipeline\{closure}(Object(Illuminate\Http\Request))
#63 /opt/lampp/htdocs/FLOPPIESS/floppiess/vendor/laravel/framework/src/Illuminate/Pipeline/Pipeline.php(102): Illuminate\Routing\Pipeline->Illuminate\Routing\{closure}(Object(Illuminate\Http\Request))
#64 /opt/lampp/htdocs/FLOPPIESS/floppiess/vendor/laravel/framework/src/Illuminate/Foundation/Http/Kernel.php(151): Illuminate\Pipeline\Pipeline->then(Object(Closure))
#65 /opt/lampp/htdocs/FLOPPIESS/floppiess/vendor/laravel/framework/src/Illuminate/Foundation/Http/Kernel.php(116): Illuminate\Foundation\Http\Kernel->sendRequestThroughRouter(Object(Illuminate\Http\Request))
#66 /opt/lampp/htdocs/FLOPPIESS/floppiess/index.php(43): Illuminate\Foundation\Http\Kernel->handle(Object(Illuminate\Http\Request))
#67 {main}  
